<?xml version="1.0" encoding="UTF-8"?>
<coverage generated="1676918790339" clover="3.2.0">
  <project timestamp="1676918790340" name="All files">
    <metrics statements="128" coveredstatements="102" conditionals="105" coveredconditionals="53" methods="24" coveredmethods="19" elements="257" coveredelements="174" complexity="0" loc="128" ncloc="128" packages="1" files="3" classes="3"/>
    <file name="queryFactory.ts" path="C:\apps\naesb-saas\packages\orm\src\queryFactory.ts">
      <metrics statements="75" coveredstatements="53" conditionals="88" coveredconditionals="39" methods="14" coveredmethods="9"/>
      <line num="2" count="1" type="stmt"/>
      <line num="9" count="1" type="stmt"/>
      <line num="10" count="1" type="stmt"/>
      <line num="24" count="1" type="stmt"/>
      <line num="27" count="1" type="stmt"/>
      <line num="28" count="26" type="cond" truecount="1" falsecount="0"/>
      <line num="29" count="9" type="cond" truecount="0" falsecount="1"/>
      <line num="34" count="0" type="stmt"/>
      <line num="36" count="9" type="cond" truecount="2" falsecount="1"/>
      <line num="37" count="0" type="stmt"/>
      <line num="40" count="26" type="stmt"/>
      <line num="44" count="1" type="stmt"/>
      <line num="47" count="21" type="cond" truecount="0" falsecount="1"/>
      <line num="48" count="21" type="cond" truecount="1" falsecount="0"/>
      <line num="50" count="5" type="stmt"/>
      <line num="53" count="16" type="stmt"/>
      <line num="56" count="1" type="stmt"/>
      <line num="60" count="21" type="stmt"/>
      <line num="62" count="21" type="cond" truecount="11" falsecount="3"/>
      <line num="64" count="0" type="stmt"/>
      <line num="65" count="0" type="stmt"/>
      <line num="71" count="1" type="stmt"/>
      <line num="73" count="0" type="stmt"/>
      <line num="74" count="0" type="cond" truecount="0" falsecount="2"/>
      <line num="79" count="1" type="stmt"/>
      <line num="81" count="1" type="stmt"/>
      <line num="83" count="1" type="stmt"/>
      <line num="85" count="1" type="stmt"/>
      <line num="90" count="1" type="stmt"/>
      <line num="92" count="1" type="stmt"/>
      <line num="94" count="1" type="stmt"/>
      <line num="96" count="1" type="cond" truecount="1" falsecount="1"/>
      <line num="98" count="1" type="cond" truecount="1" falsecount="1"/>
      <line num="100" count="11" type="stmt"/>
      <line num="102" count="0" type="stmt"/>
      <line num="106" count="1" type="stmt"/>
      <line num="107" count="0" type="cond" truecount="0" falsecount="3"/>
      <line num="108" count="0" type="stmt"/>
      <line num="110" count="0" type="cond" truecount="0" falsecount="1"/>
      <line num="111" count="0" type="stmt"/>
      <line num="113" count="0" type="cond" truecount="0" falsecount="1"/>
      <line num="114" count="0" type="stmt"/>
      <line num="117" count="1" type="stmt"/>
      <line num="121" count="11" type="cond" truecount="4" falsecount="0"/>
      <line num="123" count="15" type="stmt"/>
      <line num="124" count="15" type="cond" truecount="3" falsecount="0"/>
      <line num="125" count="15" type="stmt"/>
      <line num="126" count="15" type="cond" truecount="1" falsecount="0"/>
      <line num="131" count="11" type="stmt"/>
      <line num="137" count="4" type="stmt"/>
      <line num="140" count="4" type="cond" truecount="2" falsecount="2"/>
      <line num="148" count="11" type="stmt"/>
      <line num="151" count="1" type="stmt"/>
      <line num="153" count="3" type="stmt"/>
      <line num="154" count="3" type="stmt"/>
      <line num="155" count="3" type="stmt"/>
      <line num="159" count="3" type="stmt"/>
      <line num="160" count="3" type="cond" truecount="1" falsecount="3"/>
      <line num="161" count="0" type="stmt"/>
      <line num="162" count="0" type="cond" truecount="0" falsecount="1"/>
      <line num="163" count="0" type="cond" truecount="0" falsecount="2"/>
      <line num="164" count="0" type="stmt"/>
      <line num="167" count="3" type="stmt"/>
      <line num="170" count="1" type="stmt"/>
      <line num="177" count="2" type="cond" truecount="4" falsecount="0"/>
      <line num="178" count="2" type="stmt"/>
      <line num="180" count="2" type="cond" truecount="4" falsecount="0"/>
      <line num="182" count="2" type="stmt"/>
      <line num="187" count="1" type="stmt"/>
      <line num="188" count="0" type="cond" truecount="0" falsecount="3"/>
      <line num="189" count="0" type="cond" truecount="0" falsecount="1"/>
      <line num="190" count="0" type="stmt"/>
      <line num="194" count="1" type="stmt"/>
      <line num="195" count="0" type="stmt"/>
      <line num="198" count="0" type="stmt"/>
    </file>
    <file name="schema.ts" path="C:\apps\naesb-saas\packages\orm\src\schema.ts">
      <metrics statements="48" coveredstatements="44" conditionals="11" coveredconditionals="8" methods="8" coveredmethods="8"/>
      <line num="1" count="1" type="stmt"/>
      <line num="2" count="1" type="stmt"/>
      <line num="3" count="1" type="stmt"/>
      <line num="19" count="1" type="stmt"/>
      <line num="20" count="27" type="cond" truecount="1" falsecount="0"/>
      <line num="21" count="9" type="cond" truecount="1" falsecount="0"/>
      <line num="22" count="0" type="cond" truecount="0" falsecount="1"/>
      <line num="23" count="0" type="stmt"/>
      <line num="26" count="1" type="stmt"/>
      <line num="33" count="1" type="stmt"/>
      <line num="38" count="1" type="stmt"/>
      <line num="49" count="1" type="stmt"/>
      <line num="56" count="1" type="stmt"/>
      <line num="61" count="1" type="stmt"/>
      <line num="66" count="1" type="stmt"/>
      <line num="71" count="1" type="stmt"/>
      <line num="76" count="1" type="stmt"/>
      <line num="81" count="1" type="stmt"/>
      <line num="92" count="1" type="stmt"/>
      <line num="99" count="1" type="stmt"/>
      <line num="110" count="1" type="stmt"/>
      <line num="121" count="1" type="stmt"/>
      <line num="129" count="1" type="stmt"/>
      <line num="145" count="1" type="stmt"/>
      <line num="146" count="10" type="stmt"/>
      <line num="155" count="1" type="stmt"/>
      <line num="156" count="5" type="stmt"/>
      <line num="159" count="1" type="stmt"/>
      <line num="161" count="6" type="stmt"/>
      <line num="162" count="6" type="cond" truecount="1" falsecount="0"/>
      <line num="164" count="0" type="stmt"/>
      <line num="166" count="4" type="stmt"/>
      <line num="172" count="6" type="cond" truecount="1" falsecount="0"/>
      <line num="173" count="4" type="stmt"/>
      <line num="175" count="2" type="stmt"/>
      <line num="179" count="1" type="stmt"/>
      <line num="181" count="6" type="stmt"/>
      <line num="182" count="6" type="cond" truecount="1" falsecount="0"/>
      <line num="184" count="1" type="stmt"/>
      <line num="186" count="2" type="stmt"/>
      <line num="192" count="4" type="cond" truecount="1" falsecount="0"/>
      <line num="193" count="2" type="stmt"/>
      <line num="195" count="2" type="stmt"/>
      <line num="199" count="1" type="stmt"/>
      <line num="209" count="4" type="stmt"/>
      <line num="210" count="4" type="cond" truecount="2" falsecount="2"/>
      <line num="211" count="4" type="stmt"/>
      <line num="213" count="0" type="stmt"/>
    </file>
    <file name="util.ts" path="C:\apps\naesb-saas\packages\orm\src\util.ts">
      <metrics statements="5" coveredstatements="5" conditionals="6" coveredconditionals="6" methods="2" coveredmethods="2"/>
      <line num="1" count="3" type="stmt"/>
      <line num="3" count="3" type="stmt"/>
      <line num="6" count="3" type="stmt"/>
      <line num="7" count="5" type="stmt"/>
      <line num="10" count="10" type="cond" truecount="4" falsecount="0"/>
    </file>
  </project>
</coverage>
