{"C:\\apps\\naesb-saas\\packages\\orm\\src\\queryFactory.ts": {"path":"C:\\apps\\naesb-saas\\packages\\orm\\src\\queryFactory.ts","statementMap":{"0":{"start":{"line":2,"column":0},"end":{"line":2,"column":null}},"1":{"start":{"line":9,"column":0},"end":{"line":9,"column":45}},"2":{"start":{"line":10,"column":0},"end":{"line":10,"column":null}},"3":{"start":{"line":24,"column":0},"end":{"line":24,"column":33}},"4":{"start":{"line":27,"column":25},"end":{"line":41,"column":1}},"5":{"start":{"line":28,"column":2},"end":{"line":39,"column":null}},"6":{"start":{"line":29,"column":4},"end":{"line":35,"column":null}},"7":{"start":{"line":34,"column":6},"end":{"line":34,"column":30}},"8":{"start":{"line":36,"column":4},"end":{"line":38,"column":null}},"9":{"start":{"line":37,"column":6},"end":{"line":37,"column":31}},"10":{"start":{"line":40,"column":2},"end":{"line":40,"column":16}},"11":{"start":{"line":44,"column":24},"end":{"line":54,"column":1}},"12":{"start":{"line":47,"column":2},"end":{"line":47,"column":38}},"13":{"start":{"line":47,"column":21},"end":{"line":47,"column":38}},"14":{"start":{"line":48,"column":2},"end":{"line":51,"column":null}},"15":{"start":{"line":50,"column":4},"end":{"line":50,"column":60}},"16":{"start":{"line":53,"column":2},"end":{"line":53,"column":34}},"17":{"start":{"line":56,"column":23},"end":{"line":104,"column":1}},"18":{"start":{"line":60,"column":28},"end":{"line":60,"column":51}},"19":{"start":{"line":62,"column":2},"end":{"line":103,"column":null}},"20":{"start":{"line":64,"column":6},"end":{"line":69,"column":8}},"21":{"start":{"line":65,"column":27},"end":{"line":65,"column":null}},"22":{"start":{"line":71,"column":6},"end":{"line":71,"column":48}},"23":{"start":{"line":73,"column":6},"end":{"line":77,"column":8}},"24":{"start":{"line":74,"column":8},"end":{"line":76,"column":null}},"25":{"start":{"line":79,"column":6},"end":{"line":79,"column":41}},"26":{"start":{"line":81,"column":6},"end":{"line":81,"column":41}},"27":{"start":{"line":83,"column":6},"end":{"line":83,"column":48}},"28":{"start":{"line":85,"column":6},"end":{"line":88,"column":8}},"29":{"start":{"line":90,"column":6},"end":{"line":90,"column":61}},"30":{"start":{"line":92,"column":6},"end":{"line":92,"column":36}},"31":{"start":{"line":94,"column":6},"end":{"line":94,"column":66}},"32":{"start":{"line":96,"column":6},"end":{"line":96,"column":68}},"33":{"start":{"line":98,"column":6},"end":{"line":98,"column":68}},"34":{"start":{"line":100,"column":6},"end":{"line":100,"column":38}},"35":{"start":{"line":102,"column":6},"end":{"line":102,"column":56}},"36":{"start":{"line":56,"column":13},"end":{"line":56,"column":23}},"37":{"start":{"line":106,"column":24},"end":{"line":115,"column":1}},"38":{"start":{"line":107,"column":2},"end":{"line":109,"column":null}},"39":{"start":{"line":108,"column":4},"end":{"line":108,"column":39}},"40":{"start":{"line":110,"column":2},"end":{"line":112,"column":null}},"41":{"start":{"line":111,"column":4},"end":{"line":111,"column":38}},"42":{"start":{"line":113,"column":2},"end":{"line":113,"column":47}},"43":{"start":{"line":113,"column":15},"end":{"line":113,"column":47}},"44":{"start":{"line":114,"column":2},"end":{"line":114,"column":19}},"45":{"start":{"line":117,"column":28},"end":{"line":149,"column":1}},"46":{"start":{"line":121,"column":4},"end":{"line":146,"column":17}},"47":{"start":{"line":123,"column":41},"end":{"line":123,"column":43}},"48":{"start":{"line":123,"column":48},"end":{"line":123,"column":49}},"49":{"start":{"line":124,"column":12},"end":{"line":136,"column":null}},"50":{"start":{"line":125,"column":39},"end":{"line":125,"column":58}},"51":{"start":{"line":125,"column":26},"end":{"line":125,"column":28}},"52":{"start":{"line":125,"column":34},"end":{"line":125,"column":39}},"53":{"start":{"line":126,"column":14},"end":{"line":135,"column":null}},"54":{"start":{"line":131,"column":16},"end":{"line":133,"column":null}},"55":{"start":{"line":137,"column":28},"end":{"line":138,"column":null}},"56":{"start":{"line":140,"column":12},"end":{"line":142,"column":20}},"57":{"start":{"line":148,"column":2},"end":{"line":148,"column":16}},"58":{"start":{"line":117,"column":13},"end":{"line":117,"column":28}},"59":{"start":{"line":151,"column":32},"end":{"line":168,"column":1}},"60":{"start":{"line":153,"column":13},"end":{"line":153,"column":null}},"61":{"start":{"line":154,"column":11},"end":{"line":154,"column":null}},"62":{"start":{"line":155,"column":13},"end":{"line":155,"column":null}},"63":{"start":{"line":159,"column":14},"end":{"line":159,"column":19}},"64":{"start":{"line":160,"column":2},"end":{"line":166,"column":null}},"65":{"start":{"line":161,"column":23},"end":{"line":161,"column":58}},"66":{"start":{"line":162,"column":4},"end":{"line":165,"column":null}},"67":{"start":{"line":163,"column":6},"end":{"line":163,"column":26}},"68":{"start":{"line":164,"column":6},"end":{"line":164,"column":40}},"69":{"start":{"line":167,"column":2},"end":{"line":167,"column":38}},"70":{"start":{"line":170,"column":37},"end":{"line":185,"column":1}},"71":{"start":{"line":177,"column":4},"end":{"line":179,"column":27}},"72":{"start":{"line":178,"column":25},"end":{"line":178,"column":44}},"73":{"start":{"line":180,"column":2},"end":{"line":184,"column":78}},"74":{"start":{"line":182,"column":8},"end":{"line":182,"column":null}},"75":{"start":{"line":170,"column":13},"end":{"line":170,"column":37}},"76":{"start":{"line":187,"column":23},"end":{"line":191,"column":1}},"77":{"start":{"line":188,"column":2},"end":{"line":188,"column":43}},"78":{"start":{"line":188,"column":20},"end":{"line":188,"column":43}},"79":{"start":{"line":189,"column":2},"end":{"line":189,"column":22}},"80":{"start":{"line":189,"column":11},"end":{"line":189,"column":22}},"81":{"start":{"line":190,"column":2},"end":{"line":190,"column":19}},"82":{"start":{"line":187,"column":13},"end":{"line":187,"column":23}},"83":{"start":{"line":194,"column":28},"end":{"line":198,"column":9}},"84":{"start":{"line":195,"column":7},"end":{"line":195,"column":9}},"85":{"start":{"line":195,"column":14},"end":{"line":195,"column":16}},"86":{"start":{"line":195,"column":22},"end":{"line":195,"column":24}},"87":{"start":{"line":195,"column":29},"end":{"line":195,"column":31}},"88":{"start":{"line":195,"column":40},"end":{"line":195,"column":42}},"89":{"start":{"line":195,"column":49},"end":{"line":195,"column":78}},"90":{"start":{"line":198,"column":2},"end":{"line":216,"column":5}},"91":{"start":{"line":194,"column":13},"end":{"line":194,"column":28}}},"fnMap":{"0":{"name":"(anonymous_2)","decl":{"start":{"line":27,"column":25},"end":{"line":27,"column":26}},"loc":{"start":{"line":27,"column":50},"end":{"line":41,"column":1}}},"1":{"name":"(anonymous_3)","decl":{"start":{"line":44,"column":24},"end":{"line":44,"column":null}},"loc":{"start":{"line":45,"column":27},"end":{"line":54,"column":1}}},"2":{"name":"(anonymous_4)","decl":{"start":{"line":56,"column":23},"end":{"line":56,"column":null}},"loc":{"start":{"line":58,"column":38},"end":{"line":104,"column":1}}},"3":{"name":"(anonymous_5)","decl":{"start":{"line":65,"column":8},"end":{"line":65,"column":9}},"loc":{"start":{"line":65,"column":22},"end":{"line":65,"column":44}}},"4":{"name":"(anonymous_6)","decl":{"start":{"line":73,"column":17},"end":{"line":73,"column":18}},"loc":{"start":{"line":73,"column":31},"end":{"line":74,"column":25}}},"5":{"name":"(anonymous_7)","decl":{"start":{"line":106,"column":24},"end":{"line":106,"column":25}},"loc":{"start":{"line":106,"column":57},"end":{"line":115,"column":1}}},"6":{"name":"(anonymous_8)","decl":{"start":{"line":117,"column":28},"end":{"line":117,"column":null}},"loc":{"start":{"line":118,"column":28},"end":{"line":149,"column":1}}},"7":{"name":"(anonymous_9)","decl":{"start":{"line":123,"column":10},"end":{"line":123,"column":11}},"loc":{"start":{"line":123,"column":49},"end":{"line":143,"column":11}}},"8":{"name":"(anonymous_10)","decl":{"start":{"line":151,"column":32},"end":{"line":151,"column":null}},"loc":{"start":{"line":157,"column":29},"end":{"line":168,"column":1}}},"9":{"name":"(anonymous_11)","decl":{"start":{"line":170,"column":37},"end":{"line":170,"column":null}},"loc":{"start":{"line":174,"column":20},"end":{"line":185,"column":1}}},"10":{"name":"(anonymous_12)","decl":{"start":{"line":178,"column":18},"end":{"line":178,"column":19}},"loc":{"start":{"line":178,"column":20},"end":{"line":178,"column":37}}},"11":{"name":"(anonymous_13)","decl":{"start":{"line":181,"column":22},"end":{"line":181,"column":23}},"loc":{"start":{"line":181,"column":24},"end":{"line":182,"column":31}}},"12":{"name":"(anonymous_14)","decl":{"start":{"line":187,"column":23},"end":{"line":187,"column":24}},"loc":{"start":{"line":187,"column":52},"end":{"line":191,"column":1}}},"13":{"name":"(anonymous_15)","decl":{"start":{"line":194,"column":28},"end":{"line":194,"column":null}},"loc":{"start":{"line":196,"column":21},"end":{"line":198,"column":9}}}},"branchMap":{"0":{"loc":{"start":{"line":28,"column":2},"end":{"line":39,"column":null}},"type":"if","locations":[{"start":{"line":28,"column":2},"end":{"line":39,"column":null}}]},"1":{"loc":{"start":{"line":29,"column":4},"end":{"line":35,"column":null}},"type":"if","locations":[{"start":{"line":29,"column":4},"end":{"line":35,"column":null}}]},"2":{"loc":{"start":{"line":36,"column":4},"end":{"line":38,"column":null}},"type":"if","locations":[{"start":{"line":36,"column":4},"end":{"line":38,"column":null}}]},"3":{"loc":{"start":{"line":36,"column":8},"end":{"line":36,"column":47}},"type":"binary-expr","locations":[{"start":{"line":36,"column":8},"end":{"line":36,"column":25}},{"start":{"line":36,"column":29},"end":{"line":36,"column":47}}]},"4":{"loc":{"start":{"line":47,"column":2},"end":{"line":47,"column":38}},"type":"if","locations":[{"start":{"line":47,"column":2},"end":{"line":47,"column":38}}]},"5":{"loc":{"start":{"line":48,"column":2},"end":{"line":51,"column":null}},"type":"if","locations":[{"start":{"line":48,"column":2},"end":{"line":51,"column":null}}]},"6":{"loc":{"start":{"line":62,"column":2},"end":{"line":103,"column":null}},"type":"switch","locations":[{"start":{"line":63,"column":4},"end":{"line":69,"column":8}},{"start":{"line":70,"column":4},"end":{"line":71,"column":48}},{"start":{"line":72,"column":4},"end":{"line":77,"column":8}},{"start":{"line":78,"column":4},"end":{"line":79,"column":41}},{"start":{"line":80,"column":4},"end":{"line":81,"column":41}},{"start":{"line":82,"column":4},"end":{"line":83,"column":48}},{"start":{"line":84,"column":4},"end":{"line":88,"column":8}},{"start":{"line":89,"column":4},"end":{"line":90,"column":61}},{"start":{"line":91,"column":4},"end":{"line":92,"column":36}},{"start":{"line":93,"column":4},"end":{"line":94,"column":66}},{"start":{"line":95,"column":4},"end":{"line":96,"column":68}},{"start":{"line":97,"column":4},"end":{"line":98,"column":68}},{"start":{"line":99,"column":4},"end":{"line":100,"column":38}},{"start":{"line":101,"column":4},"end":{"line":102,"column":56}}]},"7":{"loc":{"start":{"line":74,"column":8},"end":{"line":76,"column":48}},"type":"cond-expr","locations":[{"start":{"line":75,"column":12},"end":{"line":75,"column":54}},{"start":{"line":76,"column":12},"end":{"line":76,"column":48}}]},"8":{"loc":{"start":{"line":96,"column":13},"end":{"line":96,"column":67}},"type":"cond-expr","locations":[{"start":{"line":96,"column":43},"end":{"line":96,"column":56}},{"start":{"line":96,"column":59},"end":{"line":96,"column":67}}]},"9":{"loc":{"start":{"line":98,"column":13},"end":{"line":98,"column":67}},"type":"cond-expr","locations":[{"start":{"line":98,"column":43},"end":{"line":98,"column":51}},{"start":{"line":98,"column":54},"end":{"line":98,"column":67}}]},"10":{"loc":{"start":{"line":107,"column":2},"end":{"line":109,"column":null}},"type":"if","locations":[{"start":{"line":107,"column":2},"end":{"line":109,"column":null}}]},"11":{"loc":{"start":{"line":107,"column":6},"end":{"line":107,"column":26}},"type":"binary-expr","locations":[{"start":{"line":107,"column":6},"end":{"line":107,"column":15}},{"start":{"line":107,"column":19},"end":{"line":107,"column":26}}]},"12":{"loc":{"start":{"line":110,"column":2},"end":{"line":112,"column":null}},"type":"if","locations":[{"start":{"line":110,"column":2},"end":{"line":112,"column":null}}]},"13":{"loc":{"start":{"line":113,"column":2},"end":{"line":113,"column":47}},"type":"if","locations":[{"start":{"line":113,"column":2},"end":{"line":113,"column":47}}]},"14":{"loc":{"start":{"line":121,"column":4},"end":{"line":146,"column":17}},"type":"cond-expr","locations":[{"start":{"line":122,"column":8},"end":{"line":144,"column":null}},{"start":{"line":146,"column":8},"end":{"line":146,"column":17}}]},"15":{"loc":{"start":{"line":121,"column":4},"end":{"line":121,"column":41}},"type":"binary-expr","locations":[{"start":{"line":121,"column":4},"end":{"line":121,"column":9}},{"start":{"line":121,"column":13},"end":{"line":121,"column":41}}]},"16":{"loc":{"start":{"line":124,"column":12},"end":{"line":136,"column":null}},"type":"if","locations":[{"start":{"line":124,"column":12},"end":{"line":136,"column":null}}]},"17":{"loc":{"start":{"line":124,"column":16},"end":{"line":124,"column":50}},"type":"binary-expr","locations":[{"start":{"line":124,"column":16},"end":{"line":124,"column":21}},{"start":{"line":124,"column":25},"end":{"line":124,"column":50}}]},"18":{"loc":{"start":{"line":126,"column":14},"end":{"line":135,"column":null}},"type":"if","locations":[{"start":{"line":126,"column":14},"end":{"line":135,"column":null}}]},"19":{"loc":{"start":{"line":127,"column":16},"end":{"line":129,"column":59}},"type":"binary-expr","locations":[{"start":{"line":127,"column":16},"end":{"line":127,"column":20}},{"start":{"line":128,"column":16},"end":{"line":128,"column":40}},{"start":{"line":129,"column":16},"end":{"line":129,"column":59}}]},"20":{"loc":{"start":{"line":140,"column":19},"end":{"line":142,"column":19}},"type":"cond-expr","locations":[{"start":{"line":141,"column":15},"end":{"line":141,"column":null}},{"start":{"line":142,"column":16},"end":{"line":142,"column":19}}]},"21":{"loc":{"start":{"line":140,"column":31},"end":{"line":140,"column":44}},"type":"binary-expr","locations":[{"start":{"line":140,"column":31},"end":{"line":140,"column":38}},{"start":{"line":140,"column":42},"end":{"line":140,"column":44}}]},"22":{"loc":{"start":{"line":160,"column":2},"end":{"line":166,"column":null}},"type":"if","locations":[{"start":{"line":160,"column":2},"end":{"line":166,"column":null}}]},"23":{"loc":{"start":{"line":160,"column":6},"end":{"line":160,"column":41}},"type":"binary-expr","locations":[{"start":{"line":160,"column":6},"end":{"line":160,"column":15}},{"start":{"line":160,"column":20},"end":{"line":160,"column":29}},{"start":{"line":160,"column":33},"end":{"line":160,"column":40}}]},"24":{"loc":{"start":{"line":162,"column":4},"end":{"line":165,"column":null}},"type":"if","locations":[{"start":{"line":162,"column":4},"end":{"line":165,"column":null}}]},"25":{"loc":{"start":{"line":163,"column":14},"end":{"line":163,"column":25}},"type":"binary-expr","locations":[{"start":{"line":163,"column":14},"end":{"line":163,"column":19}},{"start":{"line":163,"column":23},"end":{"line":163,"column":25}}]},"26":{"loc":{"start":{"line":177,"column":4},"end":{"line":179,"column":27}},"type":"cond-expr","locations":[{"start":{"line":178,"column":8},"end":{"line":178,"column":44}},{"start":{"line":179,"column":8},"end":{"line":179,"column":27}}]},"27":{"loc":{"start":{"line":177,"column":4},"end":{"line":177,"column":33}},"type":"binary-expr","locations":[{"start":{"line":177,"column":4},"end":{"line":177,"column":9}},{"start":{"line":177,"column":13},"end":{"line":177,"column":33}}]},"28":{"loc":{"start":{"line":180,"column":9},"end":{"line":184,"column":77}},"type":"cond-expr","locations":[{"start":{"line":181,"column":6},"end":{"line":182,"column":null}},{"start":{"line":184,"column":6},"end":{"line":184,"column":77}}]},"29":{"loc":{"start":{"line":180,"column":9},"end":{"line":180,"column":50}},"type":"binary-expr","locations":[{"start":{"line":180,"column":9},"end":{"line":180,"column":20}},{"start":{"line":180,"column":24},"end":{"line":180,"column":50}}]},"30":{"loc":{"start":{"line":188,"column":2},"end":{"line":188,"column":43}},"type":"if","locations":[{"start":{"line":188,"column":2},"end":{"line":188,"column":43}}]},"31":{"loc":{"start":{"line":188,"column":6},"end":{"line":188,"column":18}},"type":"binary-expr","locations":[{"start":{"line":188,"column":6},"end":{"line":188,"column":11}},{"start":{"line":188,"column":15},"end":{"line":188,"column":18}}]},"32":{"loc":{"start":{"line":189,"column":2},"end":{"line":189,"column":22}},"type":"if","locations":[{"start":{"line":189,"column":2},"end":{"line":189,"column":22}}]},"33":{"loc":{"start":{"line":200,"column":6},"end":{"line":211,"column":19}},"type":"cond-expr","locations":[{"start":{"line":201,"column":10},"end":{"line":209,"column":null}},{"start":{"line":211,"column":10},"end":{"line":211,"column":19}}]},"34":{"loc":{"start":{"line":200,"column":6},"end":{"line":200,"column":35}},"type":"binary-expr","locations":[{"start":{"line":200,"column":6},"end":{"line":200,"column":11}},{"start":{"line":200,"column":15},"end":{"line":200,"column":24}},{"start":{"line":200,"column":28},"end":{"line":200,"column":35}}]},"35":{"loc":{"start":{"line":203,"column":12},"end":{"line":205,"column":47}},"type":"cond-expr","locations":[{"start":{"line":204,"column":16},"end":{"line":204,"column":35}},{"start":{"line":205,"column":17},"end":{"line":205,"column":47}}]},"36":{"loc":{"start":{"line":203,"column":12},"end":{"line":203,"column":54}},"type":"binary-expr","locations":[{"start":{"line":203,"column":12},"end":{"line":203,"column":21}},{"start":{"line":203,"column":25},"end":{"line":203,"column":54}}]},"37":{"loc":{"start":{"line":206,"column":12},"end":{"line":208,"column":45}},"type":"cond-expr","locations":[{"start":{"line":207,"column":16},"end":{"line":207,"column":33}},{"start":{"line":208,"column":17},"end":{"line":208,"column":45}}]},"38":{"loc":{"start":{"line":206,"column":12},"end":{"line":206,"column":50}},"type":"binary-expr","locations":[{"start":{"line":206,"column":12},"end":{"line":206,"column":19}},{"start":{"line":206,"column":23},"end":{"line":206,"column":50}}]},"39":{"loc":{"start":{"line":213,"column":10},"end":{"line":213,"column":52}},"type":"cond-expr","locations":[{"start":{"line":213,"column":35},"end":{"line":213,"column":40}},{"start":{"line":213,"column":43},"end":{"line":213,"column":52}}]},"40":{"loc":{"start":{"line":213,"column":10},"end":{"line":213,"column":32}},"type":"binary-expr","locations":[{"start":{"line":213,"column":10},"end":{"line":213,"column":15}},{"start":{"line":213,"column":19},"end":{"line":213,"column":32}}]},"41":{"loc":{"start":{"line":215,"column":11},"end":{"line":215,"column":77}},"type":"cond-expr","locations":[{"start":{"line":215,"column":59},"end":{"line":215,"column":65}},{"start":{"line":215,"column":68},"end":{"line":215,"column":77}}]},"42":{"loc":{"start":{"line":215,"column":11},"end":{"line":215,"column":56}},"type":"binary-expr","locations":[{"start":{"line":215,"column":11},"end":{"line":215,"column":17}},{"start":{"line":215,"column":21},"end":{"line":215,"column":37}},{"start":{"line":215,"column":41},"end":{"line":215,"column":56}}]}},"s":{"0":1,"1":1,"2":1,"3":1,"4":1,"5":26,"6":9,"7":0,"8":9,"9":0,"10":26,"11":1,"12":21,"13":0,"14":21,"15":5,"16":16,"17":1,"18":21,"19":21,"20":0,"21":0,"22":1,"23":0,"24":0,"25":1,"26":1,"27":1,"28":1,"29":1,"30":1,"31":1,"32":1,"33":1,"34":11,"35":0,"36":1,"37":1,"38":0,"39":0,"40":0,"41":0,"42":0,"43":0,"44":0,"45":1,"46":11,"47":15,"48":15,"49":15,"50":15,"51":15,"52":15,"53":15,"54":11,"55":4,"56":4,"57":11,"58":1,"59":1,"60":3,"61":3,"62":3,"63":3,"64":3,"65":0,"66":0,"67":0,"68":0,"69":3,"70":1,"71":2,"72":2,"73":2,"74":2,"75":1,"76":1,"77":0,"78":0,"79":0,"80":0,"81":0,"82":1,"83":1,"84":0,"85":0,"86":0,"87":0,"88":0,"89":0,"90":0,"91":1},"f":{"0":26,"1":21,"2":21,"3":0,"4":0,"5":0,"6":11,"7":15,"8":3,"9":2,"10":2,"11":2,"12":0,"13":0},"b":{"0":[9],"1":[0],"2":[0],"3":[9,9],"4":[0],"5":[5],"6":[0,1,0,1,1,1,1,1,1,1,1,1,11,0],"7":[0,0],"8":[1,0],"9":[1,0],"10":[0],"11":[0,0],"12":[0],"13":[0],"14":[10,1],"15":[11,11],"16":[15],"17":[15,15],"18":[11],"19":[15,11,11],"20":[4,0],"21":[4,0],"22":[0],"23":[3,0,0],"24":[0],"25":[0,0],"26":[1,1],"27":[2,2],"28":[1,1],"29":[2,2],"30":[0],"31":[0,0],"32":[0],"33":[0,0],"34":[0,0,0],"35":[0,0],"36":[0,0],"37":[0,0],"38":[0,0],"39":[0,0],"40":[0,0],"41":[0,0],"42":[0,0,0]}}
,"C:\\apps\\naesb-saas\\packages\\orm\\src\\schema.ts": {"path":"C:\\apps\\naesb-saas\\packages\\orm\\src\\schema.ts","statementMap":{"0":{"start":{"line":1,"column":0},"end":{"line":1,"column":50}},"1":{"start":{"line":2,"column":0},"end":{"line":2,"column":24}},"2":{"start":{"line":3,"column":0},"end":{"line":3,"column":35}},"3":{"start":{"line":19,"column":13},"end":{"line":24,"column":3}},"4":{"start":{"line":20,"column":2},"end":{"line":20,"column":49}},"5":{"start":{"line":20,"column":28},"end":{"line":20,"column":49}},"6":{"start":{"line":21,"column":2},"end":{"line":21,"column":48}},"7":{"start":{"line":21,"column":36},"end":{"line":21,"column":48}},"8":{"start":{"line":22,"column":2},"end":{"line":22,"column":50}},"9":{"start":{"line":22,"column":37},"end":{"line":22,"column":50}},"10":{"start":{"line":23,"column":2},"end":{"line":23,"column":13}},"11":{"start":{"line":26,"column":13},"end":{"line":31,"column":3}},"12":{"start":{"line":33,"column":13},"end":{"line":36,"column":3}},"13":{"start":{"line":38,"column":13},"end":{"line":47,"column":3}},"14":{"start":{"line":49,"column":13},"end":{"line":54,"column":3}},"15":{"start":{"line":56,"column":13},"end":{"line":59,"column":3}},"16":{"start":{"line":61,"column":13},"end":{"line":64,"column":3}},"17":{"start":{"line":66,"column":13},"end":{"line":69,"column":3}},"18":{"start":{"line":71,"column":13},"end":{"line":74,"column":3}},"19":{"start":{"line":76,"column":13},"end":{"line":79,"column":3}},"20":{"start":{"line":81,"column":13},"end":{"line":90,"column":3}},"21":{"start":{"line":92,"column":13},"end":{"line":97,"column":3}},"22":{"start":{"line":99,"column":13},"end":{"line":108,"column":3}},"23":{"start":{"line":110,"column":13},"end":{"line":119,"column":3}},"24":{"start":{"line":121,"column":13},"end":{"line":127,"column":3}},"25":{"start":{"line":129,"column":25},"end":{"line":141,"column":2}},"26":{"start":{"line":145,"column":41},"end":{"line":150,"column":null}},"27":{"start":{"line":146,"column":2},"end":{"line":150,"column":null}},"28":{"start":{"line":155,"column":44},"end":{"line":156,"column":null}},"29":{"start":{"line":156,"column":2},"end":{"line":156,"column":null}},"30":{"start":{"line":159,"column":30},"end":{"line":176,"column":null}},"31":{"start":{"line":161,"column":4},"end":{"line":165,"column":null}},"32":{"start":{"line":162,"column":6},"end":{"line":162,"column":58}},"33":{"start":{"line":162,"column":35},"end":{"line":162,"column":58}},"34":{"start":{"line":164,"column":6},"end":{"line":164,"column":17}},"35":{"start":{"line":166,"column":4},"end":{"line":166,"column":15}},"36":{"start":{"line":172,"column":6},"end":{"line":174,"column":null}},"37":{"start":{"line":173,"column":8},"end":{"line":173,"column":20}},"38":{"start":{"line":175,"column":6},"end":{"line":175,"column":39}},"39":{"start":{"line":179,"column":31},"end":{"line":196,"column":null}},"40":{"start":{"line":181,"column":4},"end":{"line":185,"column":null}},"41":{"start":{"line":182,"column":6},"end":{"line":182,"column":58}},"42":{"start":{"line":182,"column":35},"end":{"line":182,"column":58}},"43":{"start":{"line":184,"column":6},"end":{"line":184,"column":17}},"44":{"start":{"line":186,"column":4},"end":{"line":186,"column":15}},"45":{"start":{"line":192,"column":6},"end":{"line":194,"column":null}},"46":{"start":{"line":193,"column":8},"end":{"line":193,"column":20}},"47":{"start":{"line":195,"column":6},"end":{"line":195,"column":39}},"48":{"start":{"line":199,"column":13},"end":{"line":216,"column":4}},"49":{"start":{"line":209,"column":12},"end":{"line":209,"column":14}},"50":{"start":{"line":209,"column":17},"end":{"line":209,"column":19}},"51":{"start":{"line":210,"column":6},"end":{"line":212,"column":null}},"52":{"start":{"line":211,"column":8},"end":{"line":211,"column":20}},"53":{"start":{"line":213,"column":6},"end":{"line":213,"column":25}}},"fnMap":{"0":{"name":"(anonymous_0)","decl":{"start":{"line":19,"column":55},"end":{"line":19,"column":56}},"loc":{"start":{"line":19,"column":59},"end":{"line":24,"column":1}}},"1":{"name":"(anonymous_1)","decl":{"start":{"line":145,"column":48},"end":{"line":145,"column":null}},"loc":{"start":{"line":145,"column":48},"end":{"line":146,"column":3}}},"2":{"name":"(anonymous_2)","decl":{"start":{"line":155,"column":51},"end":{"line":155,"column":null}},"loc":{"start":{"line":155,"column":51},"end":{"line":156,"column":3}}},"3":{"name":"(anonymous_3)","decl":{"start":{"line":160,"column":2},"end":{"line":160,"column":3}},"loc":{"start":{"line":160,"column":6},"end":{"line":167,"column":3}}},"4":{"name":"(anonymous_4)","decl":{"start":{"line":171,"column":12},"end":{"line":171,"column":13}},"loc":{"start":{"line":171,"column":18},"end":{"line":176,"column":5}}},"5":{"name":"(anonymous_5)","decl":{"start":{"line":180,"column":2},"end":{"line":180,"column":3}},"loc":{"start":{"line":180,"column":6},"end":{"line":187,"column":3}}},"6":{"name":"(anonymous_6)","decl":{"start":{"line":191,"column":12},"end":{"line":191,"column":13}},"loc":{"start":{"line":191,"column":18},"end":{"line":196,"column":5}}},"7":{"name":"(anonymous_7)","decl":{"start":{"line":209,"column":4},"end":{"line":209,"column":5}},"loc":{"start":{"line":209,"column":19},"end":{"line":214,"column":5}}}},"branchMap":{"0":{"loc":{"start":{"line":20,"column":2},"end":{"line":20,"column":49}},"type":"if","locations":[{"start":{"line":20,"column":2},"end":{"line":20,"column":49}}]},"1":{"loc":{"start":{"line":21,"column":2},"end":{"line":21,"column":48}},"type":"if","locations":[{"start":{"line":21,"column":2},"end":{"line":21,"column":48}}]},"2":{"loc":{"start":{"line":22,"column":2},"end":{"line":22,"column":50}},"type":"if","locations":[{"start":{"line":22,"column":2},"end":{"line":22,"column":50}}]},"3":{"loc":{"start":{"line":162,"column":6},"end":{"line":162,"column":58}},"type":"if","locations":[{"start":{"line":162,"column":6},"end":{"line":162,"column":58}}]},"4":{"loc":{"start":{"line":172,"column":6},"end":{"line":174,"column":null}},"type":"if","locations":[{"start":{"line":172,"column":6},"end":{"line":174,"column":null}}]},"5":{"loc":{"start":{"line":182,"column":6},"end":{"line":182,"column":58}},"type":"if","locations":[{"start":{"line":182,"column":6},"end":{"line":182,"column":58}}]},"6":{"loc":{"start":{"line":192,"column":6},"end":{"line":194,"column":null}},"type":"if","locations":[{"start":{"line":192,"column":6},"end":{"line":194,"column":null}}]},"7":{"loc":{"start":{"line":210,"column":6},"end":{"line":212,"column":null}},"type":"if","locations":[{"start":{"line":210,"column":6},"end":{"line":212,"column":null}}]},"8":{"loc":{"start":{"line":210,"column":10},"end":{"line":210,"column":68}},"type":"binary-expr","locations":[{"start":{"line":210,"column":10},"end":{"line":210,"column":29}},{"start":{"line":210,"column":33},"end":{"line":210,"column":47}},{"start":{"line":210,"column":51},"end":{"line":210,"column":68}}]}},"s":{"0":1,"1":1,"2":1,"3":1,"4":27,"5":18,"6":9,"7":9,"8":0,"9":0,"10":0,"11":1,"12":1,"13":1,"14":1,"15":1,"16":1,"17":1,"18":1,"19":1,"20":1,"21":1,"22":1,"23":1,"24":1,"25":1,"26":1,"27":10,"28":1,"29":5,"30":1,"31":6,"32":6,"33":2,"34":0,"35":4,"36":6,"37":4,"38":2,"39":1,"40":6,"41":6,"42":4,"43":1,"44":2,"45":4,"46":2,"47":2,"48":1,"49":4,"50":4,"51":4,"52":4,"53":0},"f":{"0":27,"1":10,"2":5,"3":6,"4":6,"5":6,"6":4,"7":4},"b":{"0":[18],"1":[9],"2":[0],"3":[2],"4":[4],"5":[4],"6":[2],"7":[4],"8":[4,0,0]}}
,"C:\\apps\\naesb-saas\\packages\\orm\\src\\util.ts": {"path":"C:\\apps\\naesb-saas\\packages\\orm\\src\\util.ts","statementMap":{"0":{"start":{"line":1,"column":0},"end":{"line":1,"column":48}},"1":{"start":{"line":3,"column":13},"end":{"line":4,"column":87}},"2":{"start":{"line":6,"column":23},"end":{"line":7,"column":8}},"3":{"start":{"line":7,"column":2},"end":{"line":13,"column":4}},"4":{"start":{"line":10,"column":6},"end":{"line":12,"column":null}},"5":{"start":{"line":6,"column":13},"end":{"line":6,"column":23}}},"fnMap":{"0":{"name":"(anonymous_0)","decl":{"start":{"line":6,"column":23},"end":{"line":6,"column":42}},"loc":{"start":{"line":6,"column":48},"end":{"line":7,"column":8}}},"1":{"name":"(anonymous_1)","decl":{"start":{"line":9,"column":4},"end":{"line":9,"column":5}},"loc":{"start":{"line":9,"column":8},"end":{"line":10,"column":7}}}},"branchMap":{"0":{"loc":{"start":{"line":10,"column":6},"end":{"line":12,"column":18}},"type":"binary-expr","locations":[{"start":{"line":10,"column":6},"end":{"line":10,"column":17}},{"start":{"line":11,"column":7},"end":{"line":11,"column":55}},{"start":{"line":11,"column":59},"end":{"line":11,"column":72}},{"start":{"line":12,"column":6},"end":{"line":12,"column":18}}]},"1":{"loc":{"start":{"line":11,"column":9},"end":{"line":11,"column":54}},"type":"binary-expr","locations":[{"start":{"line":11,"column":9},"end":{"line":11,"column":32}},{"start":{"line":11,"column":36},"end":{"line":11,"column":54}}]}},"s":{"0":3,"1":3,"2":3,"3":5,"4":10,"5":3},"f":{"0":5,"1":10},"b":{"0":[10,8,2,6],"1":[8,6]}}
}
