{"total": {"lines":{"total":128,"covered":102,"skipped":0,"pct":79.68},"statements":{"total":152,"covered":116,"skipped":0,"pct":76.31},"functions":{"total":24,"covered":19,"skipped":0,"pct":79.16},"branches":{"total":105,"covered":53,"skipped":0,"pct":50.47},"branchesTrue":{"total":0,"covered":0,"skipped":0,"pct":"Unknown"}}
,"C:\\apps\\naesb-saas\\packages\\orm\\src\\queryFactory.ts": {"lines":{"total":75,"covered":53,"skipped":0,"pct":70.66},"functions":{"total":14,"covered":9,"skipped":0,"pct":64.28},"statements":{"total":92,"covered":61,"skipped":0,"pct":66.3},"branches":{"total":88,"covered":39,"skipped":0,"pct":44.31}}
,"C:\\apps\\naesb-saas\\packages\\orm\\src\\schema.ts": {"lines":{"total":48,"covered":44,"skipped":0,"pct":91.66},"functions":{"total":8,"covered":8,"skipped":0,"pct":100},"statements":{"total":54,"covered":49,"skipped":0,"pct":90.74},"branches":{"total":11,"covered":8,"skipped":0,"pct":72.72}}
,"C:\\apps\\naesb-saas\\packages\\orm\\src\\util.ts": {"lines":{"total":5,"covered":5,"skipped":0,"pct":100},"functions":{"total":2,"covered":2,"skipped":0,"pct":100},"statements":{"total":6,"covered":6,"skipped":0,"pct":100},"branches":{"total":6,"covered":6,"skipped":0,"pct":100}}
}
