TN:
SF:src\queryFactory.ts
FN:27,(anonymous_2)
FN:44,(anonymous_3)
FN:56,(anonymous_4)
FN:65,(anonymous_5)
FN:73,(anonymous_6)
FN:106,(anonymous_7)
FN:117,(anonymous_8)
FN:123,(anonymous_9)
FN:151,(anonymous_10)
FN:170,(anonymous_11)
FN:178,(anonymous_12)
FN:181,(anonymous_13)
FN:187,(anonymous_14)
FN:194,(anonymous_15)
FNF:14
FNH:9
FNDA:26,(anonymous_2)
FNDA:21,(anonymous_3)
FNDA:21,(anonymous_4)
FNDA:0,(anonymous_5)
FNDA:0,(anonymous_6)
FNDA:0,(anonymous_7)
FNDA:11,(anonymous_8)
FNDA:15,(anonymous_9)
FNDA:3,(anonymous_10)
FNDA:2,(anonymous_11)
FNDA:2,(anonymous_12)
FNDA:2,(anonymous_13)
FNDA:0,(anonymous_14)
FNDA:0,(anonymous_15)
DA:2,1
DA:9,1
DA:10,1
DA:24,1
DA:27,1
DA:28,26
DA:29,9
DA:34,0
DA:36,9
DA:37,0
DA:40,26
DA:44,1
DA:47,21
DA:48,21
DA:50,5
DA:53,16
DA:56,1
DA:60,21
DA:62,21
DA:64,0
DA:65,0
DA:71,1
DA:73,0
DA:74,0
DA:79,1
DA:81,1
DA:83,1
DA:85,1
DA:90,1
DA:92,1
DA:94,1
DA:96,1
DA:98,1
DA:100,11
DA:102,0
DA:106,1
DA:107,0
DA:108,0
DA:110,0
DA:111,0
DA:113,0
DA:114,0
DA:117,1
DA:121,11
DA:123,15
DA:124,15
DA:125,15
DA:126,15
DA:131,11
DA:137,4
DA:140,4
DA:148,11
DA:151,1
DA:153,3
DA:154,3
DA:155,3
DA:159,3
DA:160,3
DA:161,0
DA:162,0
DA:163,0
DA:164,0
DA:167,3
DA:170,1
DA:177,2
DA:178,2
DA:180,2
DA:182,2
DA:187,1
DA:188,0
DA:189,0
DA:190,0
DA:194,1
DA:195,0
DA:198,0
LF:75
LH:53
BRDA:28,0,0,9
BRDA:29,1,0,0
BRDA:36,2,0,0
BRDA:36,3,0,9
BRDA:36,3,1,9
BRDA:47,4,0,0
BRDA:48,5,0,5
BRDA:62,6,0,0
BRDA:62,6,1,1
BRDA:62,6,2,0
BRDA:62,6,3,1
BRDA:62,6,4,1
BRDA:62,6,5,1
BRDA:62,6,6,1
BRDA:62,6,7,1
BRDA:62,6,8,1
BRDA:62,6,9,1
BRDA:62,6,10,1
BRDA:62,6,11,1
BRDA:62,6,12,11
BRDA:62,6,13,0
BRDA:74,7,0,0
BRDA:74,7,1,0
BRDA:96,8,0,1
BRDA:96,8,1,0
BRDA:98,9,0,1
BRDA:98,9,1,0
BRDA:107,10,0,0
BRDA:107,11,0,0
BRDA:107,11,1,0
BRDA:110,12,0,0
BRDA:113,13,0,0
BRDA:121,14,0,10
BRDA:121,14,1,1
BRDA:121,15,0,11
BRDA:121,15,1,11
BRDA:124,16,0,15
BRDA:124,17,0,15
BRDA:124,17,1,15
BRDA:126,18,0,11
BRDA:127,19,0,15
BRDA:127,19,1,11
BRDA:127,19,2,11
BRDA:140,20,0,4
BRDA:140,20,1,0
BRDA:140,21,0,4
BRDA:140,21,1,0
BRDA:160,22,0,0
BRDA:160,23,0,3
BRDA:160,23,1,0
BRDA:160,23,2,0
BRDA:162,24,0,0
BRDA:163,25,0,0
BRDA:163,25,1,0
BRDA:177,26,0,1
BRDA:177,26,1,1
BRDA:177,27,0,2
BRDA:177,27,1,2
BRDA:180,28,0,1
BRDA:180,28,1,1
BRDA:180,29,0,2
BRDA:180,29,1,2
BRDA:188,30,0,0
BRDA:188,31,0,0
BRDA:188,31,1,0
BRDA:189,32,0,0
BRDA:200,33,0,0
BRDA:200,33,1,0
BRDA:200,34,0,0
BRDA:200,34,1,0
BRDA:200,34,2,0
BRDA:203,35,0,0
BRDA:203,35,1,0
BRDA:203,36,0,0
BRDA:203,36,1,0
BRDA:206,37,0,0
BRDA:206,37,1,0
BRDA:206,38,0,0
BRDA:206,38,1,0
BRDA:213,39,0,0
BRDA:213,39,1,0
BRDA:213,40,0,0
BRDA:213,40,1,0
BRDA:215,41,0,0
BRDA:215,41,1,0
BRDA:215,42,0,0
BRDA:215,42,1,0
BRDA:215,42,2,0
BRF:88
BRH:39
end_of_record
TN:
SF:src\schema.ts
FN:19,(anonymous_0)
FN:145,(anonymous_1)
FN:155,(anonymous_2)
FN:160,(anonymous_3)
FN:171,(anonymous_4)
FN:180,(anonymous_5)
FN:191,(anonymous_6)
FN:209,(anonymous_7)
FNF:8
FNH:8
FNDA:27,(anonymous_0)
FNDA:10,(anonymous_1)
FNDA:5,(anonymous_2)
FNDA:6,(anonymous_3)
FNDA:6,(anonymous_4)
FNDA:6,(anonymous_5)
FNDA:4,(anonymous_6)
FNDA:4,(anonymous_7)
DA:1,1
DA:2,1
DA:3,1
DA:19,1
DA:20,27
DA:21,9
DA:22,0
DA:23,0
DA:26,1
DA:33,1
DA:38,1
DA:49,1
DA:56,1
DA:61,1
DA:66,1
DA:71,1
DA:76,1
DA:81,1
DA:92,1
DA:99,1
DA:110,1
DA:121,1
DA:129,1
DA:145,1
DA:146,10
DA:155,1
DA:156,5
DA:159,1
DA:161,6
DA:162,6
DA:164,0
DA:166,4
DA:172,6
DA:173,4
DA:175,2
DA:179,1
DA:181,6
DA:182,6
DA:184,1
DA:186,2
DA:192,4
DA:193,2
DA:195,2
DA:199,1
DA:209,4
DA:210,4
DA:211,4
DA:213,0
LF:48
LH:44
BRDA:20,0,0,18
BRDA:21,1,0,9
BRDA:22,2,0,0
BRDA:162,3,0,2
BRDA:172,4,0,4
BRDA:182,5,0,4
BRDA:192,6,0,2
BRDA:210,7,0,4
BRDA:210,8,0,4
BRDA:210,8,1,0
BRDA:210,8,2,0
BRF:11
BRH:8
end_of_record
TN:
SF:src\util.ts
FN:6,(anonymous_0)
FN:9,(anonymous_1)
FNF:2
FNH:2
FNDA:5,(anonymous_0)
FNDA:10,(anonymous_1)
DA:1,3
DA:3,3
DA:6,3
DA:7,5
DA:10,10
LF:5
LH:5
BRDA:10,0,0,10
BRDA:10,0,1,8
BRDA:10,0,2,2
BRDA:10,0,3,6
BRDA:11,1,0,8
BRDA:11,1,1,6
BRF:6
BRH:6
end_of_record
